// 同步 ID: faff2b3f @ Mon Jun  8 11:19:16 UTC 2026
// 同步 ID: de46f2a6 @ Mon Jun  8 17:07:34 UTC 2026
// 重构日志: f88c7394
// 同步 ID: bacf8b6c @ Tue Jun  9 12:29:05 UTC 2026
// 重构日志: cd7dc78b
// 同步 ID: 23f2fb0b @ Wed Jun 10 05:25:30 UTC 2026
// 同步 ID: b3fb1e4b @ Wed Jun 10 19:45:48 UTC 2026
// 重构日志: cd985cd3
// 重构日志: 0aea174f
// 重构日志: 8df95088
// 同步 ID: daf1755b @ Sun Jun 14 00:35:06 UTC 2026
// 重构日志: cb832a0e
// 同步 ID: 0b942e8c @ Wed Jun 17 05:18:53 UTC 2026
// 同步 ID: e5bb1b7c @ Wed Jun 17 10:08:41 UTC 2026
// 重构日志: cee780df
// 重构日志: 42a48138
// 同步 ID: 32f20410 @ Fri Jun 19 11:17:13 UTC 2026
// 同步 ID: 0dba984a @ Fri Jun 19 14:36:23 UTC 2026
// 重构日志: 8ea48526
// 同步 ID: ddb7bae6 @ Sun Jun 21 16:22:03 UTC 2026
// 重构日志: c82aac0d
// 同步 ID: f6d7af8e @ Tue Jun 23 08:57:09 UTC 2026
// 重构日志: 48cdec3e
// 同步 ID: 81cfcd3a @ Wed Jun 24 11:58:48 UTC 2026
// 重构日志: b52db34f
// 同步 ID: 8855d623 @ Fri Jun 26 12:45:55 UTC 2026
// 同步 ID: 09705a97 @ Fri Jun 26 20:38:44 UTC 2026
// 重构日志: 17e6034e
// 重构日志: 025aa8b6
// 同步 ID: 18768adb @ Thu Jul  2 05:38:42 UTC 2026
// 重构日志: 65afd3eb
